{"W:\\hactiv8\\pase3week4\\server\\app.js": {"path":"W:\\hactiv8\\pase3week4\\server\\app.js","statementMap":{"0":{"start":{"line":1,"column":0},"end":{"line":3,"column":1}},"1":{"start":{"line":2,"column":4},"end":{"line":2,"column":30}},"2":{"start":{"line":4,"column":16},"end":{"line":4,"column":34}},"3":{"start":{"line":5,"column":12},"end":{"line":5,"column":21}},"4":{"start":{"line":6,"column":11},"end":{"line":6,"column":26}},"5":{"start":{"line":7,"column":15},"end":{"line":7,"column":44}},"6":{"start":{"line":8,"column":23},"end":{"line":8,"column":63}},"7":{"start":{"line":10,"column":0},"end":{"line":10,"column":16}},"8":{"start":{"line":11,"column":0},"end":{"line":11,"column":49}},"9":{"start":{"line":12,"column":0},"end":{"line":12,"column":24}},"10":{"start":{"line":13,"column":0},"end":{"line":13,"column":25}},"11":{"start":{"line":14,"column":0},"end":{"line":14,"column":22}},"12":{"start":{"line":17,"column":0},"end":{"line":17,"column":21}}},"fnMap":{},"branchMap":{"0":{"loc":{"start":{"line":1,"column":0},"end":{"line":3,"column":1}},"type":"if","locations":[{"start":{"line":1,"column":0},"end":{"line":3,"column":1}},{"start":{"line":1,"column":0},"end":{"line":3,"column":1}}],"line":1}},"s":{"0":2,"1":0,"2":2,"3":2,"4":2,"5":2,"6":2,"7":2,"8":2,"9":2,"10":2,"11":2,"12":2},"f":{},"b":{"0":[0,2]},"_coverageSchema":"1a1c01bbd47fc00a2c39e90264f33305004495a9","hash":"e313631c8408c11a221f6ab54a475db2b65f790b"}
,"W:\\hactiv8\\pase3week4\\server\\config\\config.js": {"path":"W:\\hactiv8\\pase3week4\\server\\config\\config.js","statementMap":{"0":{"start":{"line":1,"column":12},"end":{"line":1,"column":49}},"1":{"start":{"line":2,"column":22},"end":{"line":2,"column":39}},"2":{"start":{"line":4,"column":0},"end":{"line":4,"column":72}},"3":{"start":{"line":4,"column":45},"end":{"line":4,"column":72}},"4":{"start":{"line":6,"column":17},"end":{"line":6,"column":60}},"5":{"start":{"line":7,"column":17},"end":{"line":7,"column":60}},"6":{"start":{"line":8,"column":17},"end":{"line":8,"column":56}},"7":{"start":{"line":9,"column":13},"end":{"line":9,"column":52}},"8":{"start":{"line":10,"column":16},"end":{"line":10,"column":58}},"9":{"start":{"line":12,"column":0},"end":{"line":36,"column":2}}},"fnMap":{},"branchMap":{"0":{"loc":{"start":{"line":1,"column":12},"end":{"line":1,"column":49}},"type":"binary-expr","locations":[{"start":{"line":1,"column":12},"end":{"line":1,"column":32}},{"start":{"line":1,"column":36},"end":{"line":1,"column":49}}],"line":1},"1":{"loc":{"start":{"line":4,"column":0},"end":{"line":4,"column":72}},"type":"if","locations":[{"start":{"line":4,"column":0},"end":{"line":4,"column":72}},{"start":{"line":4,"column":0},"end":{"line":4,"column":72}}],"line":4},"2":{"loc":{"start":{"line":4,"column":4},"end":{"line":4,"column":43}},"type":"binary-expr","locations":[{"start":{"line":4,"column":4},"end":{"line":4,"column":25}},{"start":{"line":4,"column":29},"end":{"line":4,"column":43}}],"line":4}},"s":{"0":2,"1":2,"2":2,"3":2,"4":2,"5":2,"6":2,"7":2,"8":2,"9":2},"f":{},"b":{"0":[2,0],"1":[2,0],"2":[2,2]},"_coverageSchema":"1a1c01bbd47fc00a2c39e90264f33305004495a9","hash":"d9dd00c7dc092784ee89069886ae948eed00f8c0"}
,"W:\\hactiv8\\pase3week4\\server\\controllers\\userController.js": {"path":"W:\\hactiv8\\pase3week4\\server\\controllers\\userController.js","statementMap":{"0":{"start":{"line":1,"column":17},"end":{"line":1,"column":37}},"1":{"start":{"line":2,"column":24},"end":{"line":2,"column":49}},"2":{"start":{"line":3,"column":26},"end":{"line":3,"column":54}},"3":{"start":{"line":7,"column":35},"end":{"line":7,"column":43}},"4":{"start":{"line":8,"column":8},"end":{"line":10,"column":9}},"5":{"start":{"line":9,"column":12},"end":{"line":9,"column":64}},"6":{"start":{"line":11,"column":8},"end":{"line":34,"column":9}},"7":{"start":{"line":12,"column":25},"end":{"line":12,"column":68}},"8":{"start":{"line":13,"column":12},"end":{"line":28,"column":13}},"9":{"start":{"line":14,"column":16},"end":{"line":14,"column":66}},"10":{"start":{"line":16,"column":30},"end":{"line":16,"column":73}},"11":{"start":{"line":17,"column":16},"end":{"line":27,"column":17}},"12":{"start":{"line":18,"column":36},"end":{"line":21,"column":21}},"13":{"start":{"line":22,"column":41},"end":{"line":22,"column":66}},"14":{"start":{"line":23,"column":20},"end":{"line":23,"column":81}},"15":{"start":{"line":26,"column":20},"end":{"line":26,"column":69}},"16":{"start":{"line":31,"column":12},"end":{"line":31,"column":28}},"17":{"start":{"line":32,"column":12},"end":{"line":32,"column":29}},"18":{"start":{"line":38,"column":46},"end":{"line":38,"column":54}},"19":{"start":{"line":40,"column":8},"end":{"line":42,"column":9}},"20":{"start":{"line":41,"column":12},"end":{"line":41,"column":63}},"21":{"start":{"line":43,"column":8},"end":{"line":50,"column":9}},"22":{"start":{"line":44,"column":25},"end":{"line":44,"column":73}},"23":{"start":{"line":45,"column":29},"end":{"line":45,"column":86}},"24":{"start":{"line":46,"column":12},"end":{"line":46,"column":53}},"25":{"start":{"line":48,"column":12},"end":{"line":48,"column":28}},"26":{"start":{"line":49,"column":12},"end":{"line":49,"column":23}},"27":{"start":{"line":54,"column":8},"end":{"line":59,"column":9}},"28":{"start":{"line":55,"column":25},"end":{"line":55,"column":45}},"29":{"start":{"line":56,"column":12},"end":{"line":56,"column":38}},"30":{"start":{"line":58,"column":12},"end":{"line":58,"column":21}},"31":{"start":{"line":63,"column":21},"end":{"line":63,"column":31}},"32":{"start":{"line":64,"column":8},"end":{"line":73,"column":9}},"33":{"start":{"line":65,"column":25},"end":{"line":65,"column":59}},"34":{"start":{"line":66,"column":12},"end":{"line":70,"column":13}},"35":{"start":{"line":67,"column":16},"end":{"line":67,"column":46}},"36":{"start":{"line":69,"column":16},"end":{"line":69,"column":42}},"37":{"start":{"line":72,"column":12},"end":{"line":72,"column":21}},"38":{"start":{"line":77,"column":23},"end":{"line":77,"column":33}},"39":{"start":{"line":78,"column":36},"end":{"line":78,"column":44}},"40":{"start":{"line":80,"column":25},"end":{"line":84,"column":9}},"41":{"start":{"line":85,"column":8},"end":{"line":99,"column":9}},"42":{"start":{"line":86,"column":25},"end":{"line":86,"column":64}},"43":{"start":{"line":87,"column":12},"end":{"line":96,"column":13}},"44":{"start":{"line":88,"column":16},"end":{"line":88,"column":49}},"45":{"start":{"line":90,"column":16},"end":{"line":95,"column":17}},"46":{"start":{"line":91,"column":37},"end":{"line":91,"column":82}},"47":{"start":{"line":92,"column":20},"end":{"line":92,"column":75}},"48":{"start":{"line":94,"column":20},"end":{"line":94,"column":31}},"49":{"start":{"line":98,"column":12},"end":{"line":98,"column":22}},"50":{"start":{"line":104,"column":0},"end":{"line":104,"column":33}}},"fnMap":{"0":{"name":"(anonymous_0)","decl":{"start":{"line":6,"column":4},"end":{"line":6,"column":5}},"loc":{"start":{"line":6,"column":39},"end":{"line":35,"column":5}},"line":6},"1":{"name":"(anonymous_1)","decl":{"start":{"line":36,"column":4},"end":{"line":36,"column":5}},"loc":{"start":{"line":36,"column":43},"end":{"line":51,"column":5}},"line":36},"2":{"name":"(anonymous_2)","decl":{"start":{"line":53,"column":4},"end":{"line":53,"column":5}},"loc":{"start":{"line":53,"column":42},"end":{"line":60,"column":5}},"line":53},"3":{"name":"(anonymous_3)","decl":{"start":{"line":62,"column":4},"end":{"line":62,"column":5}},"loc":{"start":{"line":62,"column":46},"end":{"line":74,"column":5}},"line":62},"4":{"name":"(anonymous_4)","decl":{"start":{"line":76,"column":4},"end":{"line":76,"column":5}},"loc":{"start":{"line":76,"column":43},"end":{"line":100,"column":5}},"line":76}},"branchMap":{"0":{"loc":{"start":{"line":8,"column":8},"end":{"line":10,"column":9}},"type":"if","locations":[{"start":{"line":8,"column":8},"end":{"line":10,"column":9}},{"start":{"line":8,"column":8},"end":{"line":10,"column":9}}],"line":8},"1":{"loc":{"start":{"line":8,"column":12},"end":{"line":8,"column":31}},"type":"binary-expr","locations":[{"start":{"line":8,"column":12},"end":{"line":8,"column":18}},{"start":{"line":8,"column":22},"end":{"line":8,"column":31}}],"line":8},"2":{"loc":{"start":{"line":13,"column":12},"end":{"line":28,"column":13}},"type":"if","locations":[{"start":{"line":13,"column":12},"end":{"line":28,"column":13}},{"start":{"line":13,"column":12},"end":{"line":28,"column":13}}],"line":13},"3":{"loc":{"start":{"line":17,"column":16},"end":{"line":27,"column":17}},"type":"if","locations":[{"start":{"line":17,"column":16},"end":{"line":27,"column":17}},{"start":{"line":17,"column":16},"end":{"line":27,"column":17}}],"line":17},"4":{"loc":{"start":{"line":40,"column":8},"end":{"line":42,"column":9}},"type":"if","locations":[{"start":{"line":40,"column":8},"end":{"line":42,"column":9}},{"start":{"line":40,"column":8},"end":{"line":42,"column":9}}],"line":40},"5":{"loc":{"start":{"line":66,"column":12},"end":{"line":70,"column":13}},"type":"if","locations":[{"start":{"line":66,"column":12},"end":{"line":70,"column":13}},{"start":{"line":66,"column":12},"end":{"line":70,"column":13}}],"line":66},"6":{"loc":{"start":{"line":87,"column":12},"end":{"line":96,"column":13}},"type":"if","locations":[{"start":{"line":87,"column":12},"end":{"line":96,"column":13}},{"start":{"line":87,"column":12},"end":{"line":96,"column":13}}],"line":87}},"s":{"0":2,"1":2,"2":2,"3":4,"4":4,"5":1,"6":3,"7":3,"8":3,"9":1,"10":2,"11":2,"12":1,"13":1,"14":1,"15":1,"16":0,"17":0,"18":6,"19":6,"20":2,"21":4,"22":4,"23":1,"24":1,"25":3,"26":3,"27":1,"28":1,"29":1,"30":0,"31":2,"32":2,"33":2,"34":2,"35":1,"36":1,"37":0,"38":2,"39":2,"40":2,"41":2,"42":2,"43":2,"44":1,"45":1,"46":1,"47":1,"48":0,"49":0,"50":2},"f":{"0":4,"1":6,"2":1,"3":2,"4":2},"b":{"0":[1,3],"1":[4,3],"2":[1,2],"3":[1,1],"4":[2,4],"5":[1,1],"6":[1,1]},"_coverageSchema":"1a1c01bbd47fc00a2c39e90264f33305004495a9","hash":"7108346781a6eeea4c576df9511e9db5e38b293b"}
,"W:\\hactiv8\\pase3week4\\server\\helpers\\bcrypt.js": {"path":"W:\\hactiv8\\pase3week4\\server\\helpers\\bcrypt.js","statementMap":{"0":{"start":{"line":1,"column":15},"end":{"line":1,"column":34}},"1":{"start":{"line":3,"column":17},"end":{"line":3,"column":38}},"2":{"start":{"line":4,"column":17},"end":{"line":4,"column":53}},"3":{"start":{"line":5,"column":4},"end":{"line":5,"column":15}},"4":{"start":{"line":9,"column":1},"end":{"line":9,"column":52}},"5":{"start":{"line":11,"column":0},"end":{"line":11,"column":48}}},"fnMap":{"0":{"name":"hashPassword","decl":{"start":{"line":2,"column":9},"end":{"line":2,"column":21}},"loc":{"start":{"line":2,"column":37},"end":{"line":6,"column":1}},"line":2},"1":{"name":"comparePassword","decl":{"start":{"line":8,"column":9},"end":{"line":8,"column":24}},"loc":{"start":{"line":8,"column":52},"end":{"line":10,"column":1}},"line":8}},"branchMap":{},"s":{"0":2,"1":5,"2":5,"3":5,"4":2,"5":2},"f":{"0":5,"1":2},"b":{},"_coverageSchema":"1a1c01bbd47fc00a2c39e90264f33305004495a9","hash":"9014390dca04d593e2761b10ad3f2036f36cd055"}
,"W:\\hactiv8\\pase3week4\\server\\helpers\\jwt.js": {"path":"W:\\hactiv8\\pase3week4\\server\\helpers\\jwt.js","statementMap":{"0":{"start":{"line":1,"column":12},"end":{"line":1,"column":35}},"1":{"start":{"line":2,"column":19},"end":{"line":2,"column":25}},"2":{"start":{"line":4,"column":18},"end":{"line":4,"column":47}},"3":{"start":{"line":5,"column":4},"end":{"line":5,"column":16}},"4":{"start":{"line":9,"column":4},"end":{"line":9,"column":40}},"5":{"start":{"line":12,"column":0},"end":{"line":12,"column":41}}},"fnMap":{"0":{"name":"generateToken","decl":{"start":{"line":3,"column":9},"end":{"line":3,"column":22}},"loc":{"start":{"line":3,"column":33},"end":{"line":6,"column":1}},"line":3},"1":{"name":"cekToken","decl":{"start":{"line":8,"column":9},"end":{"line":8,"column":17}},"loc":{"start":{"line":8,"column":26},"end":{"line":10,"column":1}},"line":8}},"branchMap":{},"s":{"0":2,"1":2,"2":4,"3":4,"4":8,"5":2},"f":{"0":4,"1":8},"b":{},"_coverageSchema":"1a1c01bbd47fc00a2c39e90264f33305004495a9","hash":"cc21b0739e83b0a308e846f5129fc6007c137dda"}
,"W:\\hactiv8\\pase3week4\\server\\middlewares\\auth.js": {"path":"W:\\hactiv8\\pase3week4\\server\\middlewares\\auth.js","statementMap":{"0":{"start":{"line":1,"column":19},"end":{"line":1,"column":44}},"1":{"start":{"line":2,"column":17},"end":{"line":2,"column":37}},"2":{"start":{"line":5,"column":4},"end":{"line":30,"column":2}},"3":{"start":{"line":6,"column":27},"end":{"line":6,"column":38}},"4":{"start":{"line":7,"column":2},"end":{"line":27,"column":3}},"5":{"start":{"line":8,"column":3},"end":{"line":10,"column":6}},"6":{"start":{"line":12,"column":19},"end":{"line":12,"column":41}},"7":{"start":{"line":14,"column":3},"end":{"line":14,"column":24}},"8":{"start":{"line":15,"column":16},"end":{"line":19,"column":5}},"9":{"start":{"line":20,"column":3},"end":{"line":26,"column":4}},"10":{"start":{"line":21,"column":4},"end":{"line":21,"column":11}},"11":{"start":{"line":23,"column":4},"end":{"line":25,"column":7}},"12":{"start":{"line":29,"column":2},"end":{"line":29,"column":12}},"13":{"start":{"line":34,"column":4},"end":{"line":40,"column":2}},"14":{"start":{"line":35,"column":2},"end":{"line":35,"column":9}},"15":{"start":{"line":37,"column":2},"end":{"line":39,"column":5}},"16":{"start":{"line":44,"column":1},"end":{"line":44,"column":42}}},"fnMap":{"0":{"name":"authenticate","decl":{"start":{"line":4,"column":15},"end":{"line":4,"column":27}},"loc":{"start":{"line":4,"column":43},"end":{"line":31,"column":2}},"line":4},"1":{"name":"authorize","decl":{"start":{"line":33,"column":10},"end":{"line":33,"column":19}},"loc":{"start":{"line":33,"column":37},"end":{"line":41,"column":2}},"line":33}},"branchMap":{"0":{"loc":{"start":{"line":7,"column":2},"end":{"line":27,"column":3}},"type":"if","locations":[{"start":{"line":7,"column":2},"end":{"line":27,"column":3}},{"start":{"line":7,"column":2},"end":{"line":27,"column":3}}],"line":7},"1":{"loc":{"start":{"line":20,"column":3},"end":{"line":26,"column":4}},"type":"if","locations":[{"start":{"line":20,"column":3},"end":{"line":26,"column":4}},{"start":{"line":20,"column":3},"end":{"line":26,"column":4}}],"line":20},"2":{"loc":{"start":{"line":34,"column":4},"end":{"line":40,"column":2}},"type":"if","locations":[{"start":{"line":34,"column":4},"end":{"line":40,"column":2}},{"start":{"line":34,"column":4},"end":{"line":40,"column":2}}],"line":34}},"s":{"0":2,"1":2,"2":11,"3":11,"4":11,"5":3,"6":8,"7":5,"8":5,"9":5,"10":5,"11":0,"12":3,"13":0,"14":0,"15":0,"16":2},"f":{"0":11,"1":0},"b":{"0":[3,8],"1":[5,0],"2":[0,0]},"_coverageSchema":"1a1c01bbd47fc00a2c39e90264f33305004495a9","hash":"c26501b36a22910e5e3e67830d5151ea8e6097cb"}
,"W:\\hactiv8\\pase3week4\\server\\middlewares\\errorHandler.js": {"path":"W:\\hactiv8\\pase3week4\\server\\middlewares\\errorHandler.js","statementMap":{"0":{"start":{"line":2,"column":17},"end":{"line":2,"column":20}},"1":{"start":{"line":3,"column":15},"end":{"line":3,"column":38}},"2":{"start":{"line":4,"column":1},"end":{"line":31,"column":2}},"3":{"start":{"line":5,"column":2},"end":{"line":5,"column":15}},"4":{"start":{"line":6,"column":2},"end":{"line":6,"column":15}},"5":{"start":{"line":7,"column":2},"end":{"line":9,"column":5}},"6":{"start":{"line":8,"column":3},"end":{"line":8,"column":28}},"7":{"start":{"line":10,"column":8},"end":{"line":31,"column":2}},"8":{"start":{"line":11,"column":2},"end":{"line":11,"column":15}},"9":{"start":{"line":12,"column":2},"end":{"line":12,"column":57}},"10":{"start":{"line":13,"column":8},"end":{"line":31,"column":2}},"11":{"start":{"line":14,"column":2},"end":{"line":14,"column":15}},"12":{"start":{"line":15,"column":2},"end":{"line":15,"column":40}},"13":{"start":{"line":16,"column":8},"end":{"line":31,"column":2}},"14":{"start":{"line":17,"column":2},"end":{"line":17,"column":15}},"15":{"start":{"line":18,"column":2},"end":{"line":18,"column":64}},"16":{"start":{"line":19,"column":8},"end":{"line":31,"column":2}},"17":{"start":{"line":20,"column":2},"end":{"line":20,"column":15}},"18":{"start":{"line":21,"column":2},"end":{"line":21,"column":33}},"19":{"start":{"line":22,"column":8},"end":{"line":31,"column":2}},"20":{"start":{"line":23,"column":2},"end":{"line":23,"column":15}},"21":{"start":{"line":24,"column":2},"end":{"line":24,"column":40}},"22":{"start":{"line":25,"column":8},"end":{"line":31,"column":2}},"23":{"start":{"line":26,"column":2},"end":{"line":26,"column":15}},"24":{"start":{"line":27,"column":2},"end":{"line":27,"column":44}},"25":{"start":{"line":28,"column":8},"end":{"line":31,"column":2}},"26":{"start":{"line":29,"column":2},"end":{"line":29,"column":15}},"27":{"start":{"line":30,"column":2},"end":{"line":30,"column":29}},"28":{"start":{"line":32,"column":1},"end":{"line":34,"column":4}},"29":{"start":{"line":37,"column":0},"end":{"line":37,"column":31}}},"fnMap":{"0":{"name":"errorHandler","decl":{"start":{"line":1,"column":9},"end":{"line":1,"column":21}},"loc":{"start":{"line":1,"column":44},"end":{"line":35,"column":1}},"line":1},"1":{"name":"(anonymous_1)","decl":{"start":{"line":7,"column":21},"end":{"line":7,"column":22}},"loc":{"start":{"line":7,"column":29},"end":{"line":9,"column":3}},"line":7}},"branchMap":{"0":{"loc":{"start":{"line":4,"column":1},"end":{"line":31,"column":2}},"type":"if","locations":[{"start":{"line":4,"column":1},"end":{"line":31,"column":2}},{"start":{"line":4,"column":1},"end":{"line":31,"column":2}}],"line":4},"1":{"loc":{"start":{"line":10,"column":8},"end":{"line":31,"column":2}},"type":"if","locations":[{"start":{"line":10,"column":8},"end":{"line":31,"column":2}},{"start":{"line":10,"column":8},"end":{"line":31,"column":2}}],"line":10},"2":{"loc":{"start":{"line":13,"column":8},"end":{"line":31,"column":2}},"type":"if","locations":[{"start":{"line":13,"column":8},"end":{"line":31,"column":2}},{"start":{"line":13,"column":8},"end":{"line":31,"column":2}}],"line":13},"3":{"loc":{"start":{"line":16,"column":8},"end":{"line":31,"column":2}},"type":"if","locations":[{"start":{"line":16,"column":8},"end":{"line":31,"column":2}},{"start":{"line":16,"column":8},"end":{"line":31,"column":2}}],"line":16},"4":{"loc":{"start":{"line":19,"column":8},"end":{"line":31,"column":2}},"type":"if","locations":[{"start":{"line":19,"column":8},"end":{"line":31,"column":2}},{"start":{"line":19,"column":8},"end":{"line":31,"column":2}}],"line":19},"5":{"loc":{"start":{"line":22,"column":8},"end":{"line":31,"column":2}},"type":"if","locations":[{"start":{"line":22,"column":8},"end":{"line":31,"column":2}},{"start":{"line":22,"column":8},"end":{"line":31,"column":2}}],"line":22},"6":{"loc":{"start":{"line":25,"column":8},"end":{"line":31,"column":2}},"type":"if","locations":[{"start":{"line":25,"column":8},"end":{"line":31,"column":2}},{"start":{"line":25,"column":8},"end":{"line":31,"column":2}}],"line":25},"7":{"loc":{"start":{"line":28,"column":8},"end":{"line":31,"column":2}},"type":"if","locations":[{"start":{"line":28,"column":8},"end":{"line":31,"column":2}},{"start":{"line":28,"column":8},"end":{"line":31,"column":2}}],"line":28}},"s":{"0":16,"1":16,"2":16,"3":2,"4":2,"5":2,"6":2,"7":14,"8":1,"9":1,"10":13,"11":4,"12":4,"13":9,"14":0,"15":0,"16":9,"17":3,"18":3,"19":6,"20":3,"21":3,"22":3,"23":1,"24":1,"25":2,"26":2,"27":2,"28":16,"29":2},"f":{"0":16,"1":2},"b":{"0":[2,14],"1":[1,13],"2":[4,9],"3":[0,9],"4":[3,6],"5":[3,3],"6":[1,2],"7":[2,0]},"_coverageSchema":"1a1c01bbd47fc00a2c39e90264f33305004495a9","hash":"e2b41edbe08decaffe102a21ef1ef16c95cecaad"}
,"W:\\hactiv8\\pase3week4\\server\\models\\index.js": {"path":"W:\\hactiv8\\pase3week4\\server\\models\\index.js","statementMap":{"0":{"start":{"line":3,"column":11},"end":{"line":3,"column":24}},"1":{"start":{"line":4,"column":13},"end":{"line":4,"column":28}},"2":{"start":{"line":5,"column":18},"end":{"line":5,"column":38}},"3":{"start":{"line":6,"column":17},"end":{"line":6,"column":42}},"4":{"start":{"line":7,"column":12},"end":{"line":7,"column":49}},"5":{"start":{"line":8,"column":15},"end":{"line":8,"column":63}},"6":{"start":{"line":9,"column":11},"end":{"line":9,"column":13}},"7":{"start":{"line":12,"column":0},"end":{"line":16,"column":1}},"8":{"start":{"line":13,"column":2},"end":{"line":13,"column":74}},"9":{"start":{"line":15,"column":2},"end":{"line":15,"column":87}},"10":{"start":{"line":18,"column":0},"end":{"line":26,"column":5}},"11":{"start":{"line":21,"column":4},"end":{"line":21,"column":90}},"12":{"start":{"line":24,"column":18},"end":{"line":24,"column":85}},"13":{"start":{"line":25,"column":4},"end":{"line":25,"column":27}},"14":{"start":{"line":28,"column":0},"end":{"line":32,"column":3}},"15":{"start":{"line":29,"column":2},"end":{"line":31,"column":3}},"16":{"start":{"line":30,"column":4},"end":{"line":30,"column":32}},"17":{"start":{"line":34,"column":0},"end":{"line":34,"column":25}},"18":{"start":{"line":35,"column":0},"end":{"line":35,"column":25}},"19":{"start":{"line":37,"column":0},"end":{"line":37,"column":20}}},"fnMap":{"0":{"name":"(anonymous_0)","decl":{"start":{"line":20,"column":10},"end":{"line":20,"column":11}},"loc":{"start":{"line":20,"column":18},"end":{"line":22,"column":3}},"line":20},"1":{"name":"(anonymous_1)","decl":{"start":{"line":23,"column":11},"end":{"line":23,"column":12}},"loc":{"start":{"line":23,"column":19},"end":{"line":26,"column":3}},"line":23},"2":{"name":"(anonymous_2)","decl":{"start":{"line":28,"column":24},"end":{"line":28,"column":25}},"loc":{"start":{"line":28,"column":37},"end":{"line":32,"column":1}},"line":28}},"branchMap":{"0":{"loc":{"start":{"line":7,"column":12},"end":{"line":7,"column":49}},"type":"binary-expr","locations":[{"start":{"line":7,"column":12},"end":{"line":7,"column":32}},{"start":{"line":7,"column":36},"end":{"line":7,"column":49}}],"line":7},"1":{"loc":{"start":{"line":12,"column":0},"end":{"line":16,"column":1}},"type":"if","locations":[{"start":{"line":12,"column":0},"end":{"line":16,"column":1}},{"start":{"line":12,"column":0},"end":{"line":16,"column":1}}],"line":12},"2":{"loc":{"start":{"line":21,"column":11},"end":{"line":21,"column":89}},"type":"binary-expr","locations":[{"start":{"line":21,"column":12},"end":{"line":21,"column":35}},{"start":{"line":21,"column":41},"end":{"line":21,"column":58}},{"start":{"line":21,"column":64},"end":{"line":21,"column":88}}],"line":21},"3":{"loc":{"start":{"line":29,"column":2},"end":{"line":31,"column":3}},"type":"if","locations":[{"start":{"line":29,"column":2},"end":{"line":31,"column":3}},{"start":{"line":29,"column":2},"end":{"line":31,"column":3}}],"line":29}},"s":{"0":2,"1":2,"2":2,"3":2,"4":2,"5":2,"6":2,"7":2,"8":0,"9":2,"10":2,"11":6,"12":4,"13":4,"14":2,"15":4,"16":4,"17":2,"18":2,"19":2},"f":{"0":6,"1":4,"2":4},"b":{"0":[2,0],"1":[0,2],"2":[6,6,4],"3":[4,0]},"_coverageSchema":"1a1c01bbd47fc00a2c39e90264f33305004495a9","hash":"3aa53b95824eee110ee8f99d5d94e90b40ca639e"}
,"W:\\hactiv8\\pase3week4\\server\\models\\room.js": {"path":"W:\\hactiv8\\pase3week4\\server\\models\\room.js","statementMap":{"0":{"start":{"line":4,"column":4},"end":{"line":4,"column":24}},"1":{"start":{"line":5,"column":0},"end":{"line":36,"column":2}},"2":{"start":{"line":16,"column":2},"end":{"line":34,"column":5}},"3":{"start":{"line":25,"column":10},"end":{"line":27,"column":11}},"4":{"start":{"line":26,"column":12},"end":{"line":26,"column":51}},"5":{"start":{"line":35,"column":2},"end":{"line":35,"column":14}}},"fnMap":{"0":{"name":"(anonymous_0)","decl":{"start":{"line":5,"column":17},"end":{"line":5,"column":18}},"loc":{"start":{"line":5,"column":43},"end":{"line":36,"column":1}},"line":5},"1":{"name":"(anonymous_1)","decl":{"start":{"line":12,"column":4},"end":{"line":12,"column":5}},"loc":{"start":{"line":12,"column":29},"end":{"line":14,"column":5}},"line":12},"2":{"name":"(anonymous_2)","decl":{"start":{"line":24,"column":8},"end":{"line":24,"column":9}},"loc":{"start":{"line":24,"column":29},"end":{"line":28,"column":9}},"line":24}},"branchMap":{"0":{"loc":{"start":{"line":25,"column":10},"end":{"line":27,"column":11}},"type":"if","locations":[{"start":{"line":25,"column":10},"end":{"line":27,"column":11}},{"start":{"line":25,"column":10},"end":{"line":27,"column":11}}],"line":25}},"s":{"0":2,"1":2,"2":2,"3":0,"4":0,"5":2},"f":{"0":2,"1":2,"2":0},"b":{"0":[0,0]},"_coverageSchema":"1a1c01bbd47fc00a2c39e90264f33305004495a9","hash":"28d1039f2f7f3bcec982180e47f385e5b6fa0810"}
,"W:\\hactiv8\\pase3week4\\server\\models\\user.js": {"path":"W:\\hactiv8\\pase3week4\\server\\models\\user.js","statementMap":{"0":{"start":{"line":4,"column":4},"end":{"line":4,"column":24}},"1":{"start":{"line":5,"column":23},"end":{"line":5,"column":51}},"2":{"start":{"line":6,"column":0},"end":{"line":58,"column":2}},"3":{"start":{"line":17,"column":2},"end":{"line":56,"column":5}},"4":{"start":{"line":51,"column":8},"end":{"line":51,"column":60}},"5":{"start":{"line":57,"column":2},"end":{"line":57,"column":14}}},"fnMap":{"0":{"name":"(anonymous_0)","decl":{"start":{"line":6,"column":17},"end":{"line":6,"column":18}},"loc":{"start":{"line":6,"column":43},"end":{"line":58,"column":1}},"line":6},"1":{"name":"(anonymous_1)","decl":{"start":{"line":13,"column":4},"end":{"line":13,"column":5}},"loc":{"start":{"line":13,"column":29},"end":{"line":15,"column":5}},"line":13},"2":{"name":"(anonymous_2)","decl":{"start":{"line":50,"column":20},"end":{"line":50,"column":21}},"loc":{"start":{"line":50,"column":43},"end":{"line":52,"column":7}},"line":50}},"branchMap":{},"s":{"0":2,"1":2,"2":2,"3":2,"4":2,"5":2},"f":{"0":2,"1":2,"2":2},"b":{},"_coverageSchema":"1a1c01bbd47fc00a2c39e90264f33305004495a9","hash":"ac61f0b40759c1efdf94d7a0420bd6997b3e32b3"}
,"W:\\hactiv8\\pase3week4\\server\\routes\\userRoute.js": {"path":"W:\\hactiv8\\pase3week4\\server\\routes\\userRoute.js","statementMap":{"0":{"start":{"line":1,"column":16},"end":{"line":1,"column":34}},"1":{"start":{"line":2,"column":15},"end":{"line":2,"column":31}},"2":{"start":{"line":3,"column":23},"end":{"line":3,"column":53}},"3":{"start":{"line":4,"column":25},"end":{"line":4,"column":65}},"4":{"start":{"line":6,"column":0},"end":{"line":6,"column":42}},"5":{"start":{"line":7,"column":0},"end":{"line":7,"column":48}},"6":{"start":{"line":8,"column":0},"end":{"line":8,"column":24}},"7":{"start":{"line":9,"column":0},"end":{"line":9,"column":38}},"8":{"start":{"line":10,"column":0},"end":{"line":10,"column":45}},"9":{"start":{"line":11,"column":0},"end":{"line":11,"column":42}},"10":{"start":{"line":13,"column":0},"end":{"line":13,"column":23}}},"fnMap":{},"branchMap":{},"s":{"0":2,"1":2,"2":2,"3":2,"4":2,"5":2,"6":2,"7":2,"8":2,"9":2,"10":2},"f":{},"b":{},"_coverageSchema":"1a1c01bbd47fc00a2c39e90264f33305004495a9","hash":"875be19482e587d3cf69046edebc72f53453a0d9"}
}
