{"F:\\hactiv8\\pase3week4\\final1\\server\\app.js": {"path":"F:\\hactiv8\\pase3week4\\final1\\server\\app.js","statementMap":{"0":{"start":{"line":1,"column":0},"end":{"line":3,"column":1}},"1":{"start":{"line":2,"column":4},"end":{"line":2,"column":30}},"2":{"start":{"line":4,"column":16},"end":{"line":4,"column":34}},"3":{"start":{"line":5,"column":12},"end":{"line":5,"column":21}},"4":{"start":{"line":6,"column":11},"end":{"line":6,"column":26}},"5":{"start":{"line":7,"column":15},"end":{"line":7,"column":44}},"6":{"start":{"line":8,"column":23},"end":{"line":8,"column":63}},"7":{"start":{"line":10,"column":0},"end":{"line":10,"column":16}},"8":{"start":{"line":11,"column":0},"end":{"line":11,"column":49}},"9":{"start":{"line":12,"column":0},"end":{"line":12,"column":24}},"10":{"start":{"line":13,"column":0},"end":{"line":13,"column":25}},"11":{"start":{"line":14,"column":0},"end":{"line":14,"column":22}},"12":{"start":{"line":16,"column":0},"end":{"line":16,"column":21}}},"fnMap":{},"branchMap":{"0":{"loc":{"start":{"line":1,"column":0},"end":{"line":3,"column":1}},"type":"if","locations":[{"start":{"line":1,"column":0},"end":{"line":3,"column":1}},{"start":{"line":1,"column":0},"end":{"line":3,"column":1}}],"line":1}},"s":{"0":2,"1":0,"2":2,"3":2,"4":2,"5":2,"6":2,"7":2,"8":2,"9":2,"10":2,"11":2,"12":2},"f":{},"b":{"0":[0,2]},"_coverageSchema":"1a1c01bbd47fc00a2c39e90264f33305004495a9","hash":"83b24bf0c6fd6b9dbca37ff7fe187acf0c63b5ec"}
,"F:\\hactiv8\\pase3week4\\final1\\server\\config\\config.js": {"path":"F:\\hactiv8\\pase3week4\\final1\\server\\config\\config.js","statementMap":{"0":{"start":{"line":1,"column":12},"end":{"line":1,"column":49}},"1":{"start":{"line":2,"column":22},"end":{"line":2,"column":39}},"2":{"start":{"line":4,"column":0},"end":{"line":4,"column":72}},"3":{"start":{"line":4,"column":45},"end":{"line":4,"column":72}},"4":{"start":{"line":6,"column":17},"end":{"line":6,"column":60}},"5":{"start":{"line":7,"column":17},"end":{"line":7,"column":60}},"6":{"start":{"line":8,"column":17},"end":{"line":8,"column":56}},"7":{"start":{"line":9,"column":13},"end":{"line":9,"column":52}},"8":{"start":{"line":10,"column":16},"end":{"line":10,"column":58}},"9":{"start":{"line":12,"column":0},"end":{"line":36,"column":2}}},"fnMap":{},"branchMap":{"0":{"loc":{"start":{"line":1,"column":12},"end":{"line":1,"column":49}},"type":"binary-expr","locations":[{"start":{"line":1,"column":12},"end":{"line":1,"column":32}},{"start":{"line":1,"column":36},"end":{"line":1,"column":49}}],"line":1},"1":{"loc":{"start":{"line":4,"column":0},"end":{"line":4,"column":72}},"type":"if","locations":[{"start":{"line":4,"column":0},"end":{"line":4,"column":72}},{"start":{"line":4,"column":0},"end":{"line":4,"column":72}}],"line":4},"2":{"loc":{"start":{"line":4,"column":4},"end":{"line":4,"column":43}},"type":"binary-expr","locations":[{"start":{"line":4,"column":4},"end":{"line":4,"column":25}},{"start":{"line":4,"column":29},"end":{"line":4,"column":43}}],"line":4}},"s":{"0":2,"1":2,"2":2,"3":2,"4":2,"5":2,"6":2,"7":2,"8":2,"9":2},"f":{},"b":{"0":[2,0],"1":[2,0],"2":[2,2]},"_coverageSchema":"1a1c01bbd47fc00a2c39e90264f33305004495a9","hash":"e295a79aee7a15e150910b18ab0608eaf457ebd6"}
,"F:\\hactiv8\\pase3week4\\final1\\server\\controllers\\userController.js": {"path":"F:\\hactiv8\\pase3week4\\final1\\server\\controllers\\userController.js","statementMap":{"0":{"start":{"line":1,"column":17},"end":{"line":1,"column":37}},"1":{"start":{"line":2,"column":24},"end":{"line":2,"column":49}},"2":{"start":{"line":3,"column":26},"end":{"line":3,"column":54}},"3":{"start":{"line":6,"column":35},"end":{"line":6,"column":43}},"4":{"start":{"line":7,"column":8},"end":{"line":9,"column":9}},"5":{"start":{"line":8,"column":12},"end":{"line":8,"column":64}},"6":{"start":{"line":10,"column":8},"end":{"line":30,"column":9}},"7":{"start":{"line":11,"column":25},"end":{"line":11,"column":68}},"8":{"start":{"line":12,"column":12},"end":{"line":27,"column":13}},"9":{"start":{"line":13,"column":16},"end":{"line":13,"column":66}},"10":{"start":{"line":15,"column":30},"end":{"line":15,"column":73}},"11":{"start":{"line":16,"column":16},"end":{"line":26,"column":17}},"12":{"start":{"line":17,"column":36},"end":{"line":20,"column":21}},"13":{"start":{"line":21,"column":41},"end":{"line":21,"column":66}},"14":{"start":{"line":22,"column":20},"end":{"line":22,"column":95}},"15":{"start":{"line":25,"column":20},"end":{"line":25,"column":69}},"16":{"start":{"line":29,"column":12},"end":{"line":29,"column":29}},"17":{"start":{"line":33,"column":46},"end":{"line":33,"column":54}},"18":{"start":{"line":34,"column":8},"end":{"line":36,"column":9}},"19":{"start":{"line":35,"column":12},"end":{"line":35,"column":63}},"20":{"start":{"line":37,"column":8},"end":{"line":43,"column":9}},"21":{"start":{"line":38,"column":25},"end":{"line":38,"column":73}},"22":{"start":{"line":39,"column":29},"end":{"line":39,"column":86}},"23":{"start":{"line":40,"column":12},"end":{"line":40,"column":53}},"24":{"start":{"line":42,"column":12},"end":{"line":42,"column":23}},"25":{"start":{"line":46,"column":8},"end":{"line":51,"column":9}},"26":{"start":{"line":47,"column":25},"end":{"line":47,"column":114}},"27":{"start":{"line":48,"column":12},"end":{"line":48,"column":38}},"28":{"start":{"line":50,"column":12},"end":{"line":50,"column":21}},"29":{"start":{"line":54,"column":21},"end":{"line":54,"column":31}},"30":{"start":{"line":55,"column":8},"end":{"line":64,"column":9}},"31":{"start":{"line":56,"column":25},"end":{"line":56,"column":99}},"32":{"start":{"line":57,"column":12},"end":{"line":61,"column":13}},"33":{"start":{"line":58,"column":16},"end":{"line":58,"column":46}},"34":{"start":{"line":60,"column":16},"end":{"line":60,"column":42}},"35":{"start":{"line":63,"column":12},"end":{"line":63,"column":21}},"36":{"start":{"line":67,"column":23},"end":{"line":67,"column":33}},"37":{"start":{"line":68,"column":114},"end":{"line":68,"column":122}},"38":{"start":{"line":69,"column":25},"end":{"line":81,"column":9}},"39":{"start":{"line":82,"column":8},"end":{"line":96,"column":9}},"40":{"start":{"line":83,"column":25},"end":{"line":83,"column":64}},"41":{"start":{"line":84,"column":12},"end":{"line":93,"column":13}},"42":{"start":{"line":85,"column":16},"end":{"line":85,"column":49}},"43":{"start":{"line":87,"column":16},"end":{"line":92,"column":17}},"44":{"start":{"line":88,"column":37},"end":{"line":88,"column":82}},"45":{"start":{"line":89,"column":20},"end":{"line":89,"column":75}},"46":{"start":{"line":91,"column":20},"end":{"line":91,"column":31}},"47":{"start":{"line":95,"column":12},"end":{"line":95,"column":22}},"48":{"start":{"line":100,"column":0},"end":{"line":100,"column":33}}},"fnMap":{"0":{"name":"(anonymous_0)","decl":{"start":{"line":5,"column":4},"end":{"line":5,"column":5}},"loc":{"start":{"line":5,"column":39},"end":{"line":31,"column":5}},"line":5},"1":{"name":"(anonymous_1)","decl":{"start":{"line":32,"column":4},"end":{"line":32,"column":5}},"loc":{"start":{"line":32,"column":43},"end":{"line":44,"column":5}},"line":32},"2":{"name":"(anonymous_2)","decl":{"start":{"line":45,"column":4},"end":{"line":45,"column":5}},"loc":{"start":{"line":45,"column":42},"end":{"line":52,"column":5}},"line":45},"3":{"name":"(anonymous_3)","decl":{"start":{"line":53,"column":4},"end":{"line":53,"column":5}},"loc":{"start":{"line":53,"column":46},"end":{"line":65,"column":5}},"line":53},"4":{"name":"(anonymous_4)","decl":{"start":{"line":66,"column":4},"end":{"line":66,"column":5}},"loc":{"start":{"line":66,"column":43},"end":{"line":97,"column":5}},"line":66}},"branchMap":{"0":{"loc":{"start":{"line":7,"column":8},"end":{"line":9,"column":9}},"type":"if","locations":[{"start":{"line":7,"column":8},"end":{"line":9,"column":9}},{"start":{"line":7,"column":8},"end":{"line":9,"column":9}}],"line":7},"1":{"loc":{"start":{"line":7,"column":12},"end":{"line":7,"column":31}},"type":"binary-expr","locations":[{"start":{"line":7,"column":12},"end":{"line":7,"column":18}},{"start":{"line":7,"column":22},"end":{"line":7,"column":31}}],"line":7},"2":{"loc":{"start":{"line":12,"column":12},"end":{"line":27,"column":13}},"type":"if","locations":[{"start":{"line":12,"column":12},"end":{"line":27,"column":13}},{"start":{"line":12,"column":12},"end":{"line":27,"column":13}}],"line":12},"3":{"loc":{"start":{"line":16,"column":16},"end":{"line":26,"column":17}},"type":"if","locations":[{"start":{"line":16,"column":16},"end":{"line":26,"column":17}},{"start":{"line":16,"column":16},"end":{"line":26,"column":17}}],"line":16},"4":{"loc":{"start":{"line":34,"column":8},"end":{"line":36,"column":9}},"type":"if","locations":[{"start":{"line":34,"column":8},"end":{"line":36,"column":9}},{"start":{"line":34,"column":8},"end":{"line":36,"column":9}}],"line":34},"5":{"loc":{"start":{"line":57,"column":12},"end":{"line":61,"column":13}},"type":"if","locations":[{"start":{"line":57,"column":12},"end":{"line":61,"column":13}},{"start":{"line":57,"column":12},"end":{"line":61,"column":13}}],"line":57},"6":{"loc":{"start":{"line":84,"column":12},"end":{"line":93,"column":13}},"type":"if","locations":[{"start":{"line":84,"column":12},"end":{"line":93,"column":13}},{"start":{"line":84,"column":12},"end":{"line":93,"column":13}}],"line":84}},"s":{"0":2,"1":2,"2":2,"3":4,"4":4,"5":1,"6":3,"7":3,"8":3,"9":1,"10":2,"11":2,"12":1,"13":1,"14":1,"15":1,"16":0,"17":6,"18":6,"19":2,"20":4,"21":4,"22":1,"23":1,"24":3,"25":1,"26":1,"27":1,"28":0,"29":2,"30":2,"31":2,"32":2,"33":1,"34":1,"35":0,"36":2,"37":2,"38":2,"39":2,"40":2,"41":2,"42":1,"43":1,"44":1,"45":1,"46":0,"47":0,"48":2},"f":{"0":4,"1":6,"2":1,"3":2,"4":2},"b":{"0":[1,3],"1":[4,3],"2":[1,2],"3":[1,1],"4":[2,4],"5":[1,1],"6":[1,1]},"_coverageSchema":"1a1c01bbd47fc00a2c39e90264f33305004495a9","hash":"06769a425e17c6c76db873674192853f98d6eda7"}
,"F:\\hactiv8\\pase3week4\\final1\\server\\helpers\\bcrypt.js": {"path":"F:\\hactiv8\\pase3week4\\final1\\server\\helpers\\bcrypt.js","statementMap":{"0":{"start":{"line":1,"column":15},"end":{"line":1,"column":34}},"1":{"start":{"line":3,"column":17},"end":{"line":3,"column":38}},"2":{"start":{"line":4,"column":17},"end":{"line":4,"column":53}},"3":{"start":{"line":5,"column":4},"end":{"line":5,"column":15}},"4":{"start":{"line":9,"column":1},"end":{"line":9,"column":52}},"5":{"start":{"line":11,"column":0},"end":{"line":11,"column":48}}},"fnMap":{"0":{"name":"hashPassword","decl":{"start":{"line":2,"column":9},"end":{"line":2,"column":21}},"loc":{"start":{"line":2,"column":37},"end":{"line":6,"column":1}},"line":2},"1":{"name":"comparePassword","decl":{"start":{"line":8,"column":9},"end":{"line":8,"column":24}},"loc":{"start":{"line":8,"column":52},"end":{"line":10,"column":1}},"line":8}},"branchMap":{},"s":{"0":2,"1":5,"2":5,"3":5,"4":2,"5":2},"f":{"0":5,"1":2},"b":{},"_coverageSchema":"1a1c01bbd47fc00a2c39e90264f33305004495a9","hash":"1eb6943763e6c1af32b1ac67a943770282c2fb4e"}
,"F:\\hactiv8\\pase3week4\\final1\\server\\helpers\\jwt.js": {"path":"F:\\hactiv8\\pase3week4\\final1\\server\\helpers\\jwt.js","statementMap":{"0":{"start":{"line":1,"column":12},"end":{"line":1,"column":35}},"1":{"start":{"line":2,"column":19},"end":{"line":2,"column":25}},"2":{"start":{"line":4,"column":18},"end":{"line":4,"column":47}},"3":{"start":{"line":5,"column":4},"end":{"line":5,"column":16}},"4":{"start":{"line":9,"column":4},"end":{"line":9,"column":40}},"5":{"start":{"line":12,"column":0},"end":{"line":12,"column":41}}},"fnMap":{"0":{"name":"generateToken","decl":{"start":{"line":3,"column":9},"end":{"line":3,"column":22}},"loc":{"start":{"line":3,"column":33},"end":{"line":6,"column":1}},"line":3},"1":{"name":"cekToken","decl":{"start":{"line":8,"column":9},"end":{"line":8,"column":17}},"loc":{"start":{"line":8,"column":26},"end":{"line":10,"column":1}},"line":8}},"branchMap":{},"s":{"0":2,"1":2,"2":4,"3":4,"4":8,"5":2},"f":{"0":4,"1":8},"b":{},"_coverageSchema":"1a1c01bbd47fc00a2c39e90264f33305004495a9","hash":"787ec827cf3c62982d9eaa5ddf291f951bc72352"}
,"F:\\hactiv8\\pase3week4\\final1\\server\\middlewares\\auth.js": {"path":"F:\\hactiv8\\pase3week4\\final1\\server\\middlewares\\auth.js","statementMap":{"0":{"start":{"line":1,"column":19},"end":{"line":1,"column":44}},"1":{"start":{"line":2,"column":17},"end":{"line":2,"column":37}},"2":{"start":{"line":4,"column":1},"end":{"line":26,"column":2}},"3":{"start":{"line":5,"column":27},"end":{"line":5,"column":38}},"4":{"start":{"line":6,"column":2},"end":{"line":23,"column":3}},"5":{"start":{"line":7,"column":3},"end":{"line":9,"column":6}},"6":{"start":{"line":11,"column":19},"end":{"line":11,"column":41}},"7":{"start":{"line":12,"column":3},"end":{"line":12,"column":24}},"8":{"start":{"line":13,"column":16},"end":{"line":17,"column":5}},"9":{"start":{"line":18,"column":3},"end":{"line":22,"column":4}},"10":{"start":{"line":19,"column":4},"end":{"line":19,"column":11}},"11":{"start":{"line":21,"column":4},"end":{"line":21,"column":33}},"12":{"start":{"line":25,"column":2},"end":{"line":25,"column":12}},"13":{"start":{"line":28,"column":1},"end":{"line":28,"column":32}}},"fnMap":{"0":{"name":"authenticate","decl":{"start":{"line":3,"column":15},"end":{"line":3,"column":27}},"loc":{"start":{"line":3,"column":43},"end":{"line":27,"column":2}},"line":3}},"branchMap":{"0":{"loc":{"start":{"line":6,"column":2},"end":{"line":23,"column":3}},"type":"if","locations":[{"start":{"line":6,"column":2},"end":{"line":23,"column":3}},{"start":{"line":6,"column":2},"end":{"line":23,"column":3}}],"line":6},"1":{"loc":{"start":{"line":18,"column":3},"end":{"line":22,"column":4}},"type":"if","locations":[{"start":{"line":18,"column":3},"end":{"line":22,"column":4}},{"start":{"line":18,"column":3},"end":{"line":22,"column":4}}],"line":18}},"s":{"0":2,"1":2,"2":11,"3":11,"4":11,"5":3,"6":8,"7":5,"8":5,"9":5,"10":5,"11":0,"12":3,"13":2},"f":{"0":11},"b":{"0":[3,8],"1":[5,0]},"_coverageSchema":"1a1c01bbd47fc00a2c39e90264f33305004495a9","hash":"88d65620c429d94f47b7b1545a3065b1411ff560"}
,"F:\\hactiv8\\pase3week4\\final1\\server\\middlewares\\errorHandler.js": {"path":"F:\\hactiv8\\pase3week4\\final1\\server\\middlewares\\errorHandler.js","statementMap":{"0":{"start":{"line":2,"column":17},"end":{"line":2,"column":20}},"1":{"start":{"line":3,"column":15},"end":{"line":3,"column":38}},"2":{"start":{"line":4,"column":1},"end":{"line":31,"column":2}},"3":{"start":{"line":5,"column":2},"end":{"line":5,"column":15}},"4":{"start":{"line":6,"column":2},"end":{"line":6,"column":15}},"5":{"start":{"line":7,"column":2},"end":{"line":9,"column":5}},"6":{"start":{"line":8,"column":3},"end":{"line":8,"column":28}},"7":{"start":{"line":10,"column":8},"end":{"line":31,"column":2}},"8":{"start":{"line":11,"column":2},"end":{"line":11,"column":15}},"9":{"start":{"line":12,"column":2},"end":{"line":12,"column":57}},"10":{"start":{"line":13,"column":8},"end":{"line":31,"column":2}},"11":{"start":{"line":14,"column":2},"end":{"line":14,"column":15}},"12":{"start":{"line":15,"column":2},"end":{"line":15,"column":40}},"13":{"start":{"line":16,"column":8},"end":{"line":31,"column":2}},"14":{"start":{"line":17,"column":2},"end":{"line":17,"column":15}},"15":{"start":{"line":18,"column":2},"end":{"line":18,"column":64}},"16":{"start":{"line":19,"column":8},"end":{"line":31,"column":2}},"17":{"start":{"line":20,"column":2},"end":{"line":20,"column":15}},"18":{"start":{"line":21,"column":2},"end":{"line":21,"column":33}},"19":{"start":{"line":22,"column":8},"end":{"line":31,"column":2}},"20":{"start":{"line":23,"column":2},"end":{"line":23,"column":15}},"21":{"start":{"line":24,"column":2},"end":{"line":24,"column":40}},"22":{"start":{"line":25,"column":8},"end":{"line":31,"column":2}},"23":{"start":{"line":26,"column":2},"end":{"line":26,"column":15}},"24":{"start":{"line":27,"column":2},"end":{"line":27,"column":44}},"25":{"start":{"line":28,"column":8},"end":{"line":31,"column":2}},"26":{"start":{"line":29,"column":2},"end":{"line":29,"column":15}},"27":{"start":{"line":30,"column":2},"end":{"line":30,"column":29}},"28":{"start":{"line":32,"column":1},"end":{"line":34,"column":4}},"29":{"start":{"line":37,"column":0},"end":{"line":37,"column":31}}},"fnMap":{"0":{"name":"errorHandler","decl":{"start":{"line":1,"column":9},"end":{"line":1,"column":21}},"loc":{"start":{"line":1,"column":44},"end":{"line":35,"column":1}},"line":1},"1":{"name":"(anonymous_1)","decl":{"start":{"line":7,"column":21},"end":{"line":7,"column":22}},"loc":{"start":{"line":7,"column":29},"end":{"line":9,"column":3}},"line":7}},"branchMap":{"0":{"loc":{"start":{"line":4,"column":1},"end":{"line":31,"column":2}},"type":"if","locations":[{"start":{"line":4,"column":1},"end":{"line":31,"column":2}},{"start":{"line":4,"column":1},"end":{"line":31,"column":2}}],"line":4},"1":{"loc":{"start":{"line":10,"column":8},"end":{"line":31,"column":2}},"type":"if","locations":[{"start":{"line":10,"column":8},"end":{"line":31,"column":2}},{"start":{"line":10,"column":8},"end":{"line":31,"column":2}}],"line":10},"2":{"loc":{"start":{"line":13,"column":8},"end":{"line":31,"column":2}},"type":"if","locations":[{"start":{"line":13,"column":8},"end":{"line":31,"column":2}},{"start":{"line":13,"column":8},"end":{"line":31,"column":2}}],"line":13},"3":{"loc":{"start":{"line":16,"column":8},"end":{"line":31,"column":2}},"type":"if","locations":[{"start":{"line":16,"column":8},"end":{"line":31,"column":2}},{"start":{"line":16,"column":8},"end":{"line":31,"column":2}}],"line":16},"4":{"loc":{"start":{"line":19,"column":8},"end":{"line":31,"column":2}},"type":"if","locations":[{"start":{"line":19,"column":8},"end":{"line":31,"column":2}},{"start":{"line":19,"column":8},"end":{"line":31,"column":2}}],"line":19},"5":{"loc":{"start":{"line":22,"column":8},"end":{"line":31,"column":2}},"type":"if","locations":[{"start":{"line":22,"column":8},"end":{"line":31,"column":2}},{"start":{"line":22,"column":8},"end":{"line":31,"column":2}}],"line":22},"6":{"loc":{"start":{"line":25,"column":8},"end":{"line":31,"column":2}},"type":"if","locations":[{"start":{"line":25,"column":8},"end":{"line":31,"column":2}},{"start":{"line":25,"column":8},"end":{"line":31,"column":2}}],"line":25},"7":{"loc":{"start":{"line":28,"column":8},"end":{"line":31,"column":2}},"type":"if","locations":[{"start":{"line":28,"column":8},"end":{"line":31,"column":2}},{"start":{"line":28,"column":8},"end":{"line":31,"column":2}}],"line":28}},"s":{"0":16,"1":16,"2":16,"3":2,"4":2,"5":2,"6":2,"7":14,"8":1,"9":1,"10":13,"11":4,"12":4,"13":9,"14":0,"15":0,"16":9,"17":3,"18":3,"19":6,"20":3,"21":3,"22":3,"23":1,"24":1,"25":2,"26":2,"27":2,"28":16,"29":2},"f":{"0":16,"1":2},"b":{"0":[2,14],"1":[1,13],"2":[4,9],"3":[0,9],"4":[3,6],"5":[3,3],"6":[1,2],"7":[2,0]},"_coverageSchema":"1a1c01bbd47fc00a2c39e90264f33305004495a9","hash":"c8def7f0d3b7a8481c66049f9635cbd7ba37aba2"}
,"F:\\hactiv8\\pase3week4\\final1\\server\\models\\index.js": {"path":"F:\\hactiv8\\pase3week4\\final1\\server\\models\\index.js","statementMap":{"0":{"start":{"line":3,"column":11},"end":{"line":3,"column":24}},"1":{"start":{"line":4,"column":13},"end":{"line":4,"column":28}},"2":{"start":{"line":5,"column":18},"end":{"line":5,"column":38}},"3":{"start":{"line":6,"column":17},"end":{"line":6,"column":42}},"4":{"start":{"line":7,"column":12},"end":{"line":7,"column":49}},"5":{"start":{"line":8,"column":15},"end":{"line":8,"column":63}},"6":{"start":{"line":9,"column":11},"end":{"line":9,"column":13}},"7":{"start":{"line":12,"column":0},"end":{"line":16,"column":1}},"8":{"start":{"line":13,"column":2},"end":{"line":13,"column":74}},"9":{"start":{"line":15,"column":2},"end":{"line":15,"column":87}},"10":{"start":{"line":18,"column":0},"end":{"line":26,"column":5}},"11":{"start":{"line":21,"column":4},"end":{"line":21,"column":90}},"12":{"start":{"line":24,"column":18},"end":{"line":24,"column":85}},"13":{"start":{"line":25,"column":4},"end":{"line":25,"column":27}},"14":{"start":{"line":28,"column":0},"end":{"line":32,"column":3}},"15":{"start":{"line":29,"column":2},"end":{"line":31,"column":3}},"16":{"start":{"line":30,"column":4},"end":{"line":30,"column":32}},"17":{"start":{"line":34,"column":0},"end":{"line":34,"column":25}},"18":{"start":{"line":35,"column":0},"end":{"line":35,"column":25}},"19":{"start":{"line":37,"column":0},"end":{"line":37,"column":20}}},"fnMap":{"0":{"name":"(anonymous_0)","decl":{"start":{"line":20,"column":10},"end":{"line":20,"column":11}},"loc":{"start":{"line":20,"column":18},"end":{"line":22,"column":3}},"line":20},"1":{"name":"(anonymous_1)","decl":{"start":{"line":23,"column":11},"end":{"line":23,"column":12}},"loc":{"start":{"line":23,"column":19},"end":{"line":26,"column":3}},"line":23},"2":{"name":"(anonymous_2)","decl":{"start":{"line":28,"column":24},"end":{"line":28,"column":25}},"loc":{"start":{"line":28,"column":37},"end":{"line":32,"column":1}},"line":28}},"branchMap":{"0":{"loc":{"start":{"line":7,"column":12},"end":{"line":7,"column":49}},"type":"binary-expr","locations":[{"start":{"line":7,"column":12},"end":{"line":7,"column":32}},{"start":{"line":7,"column":36},"end":{"line":7,"column":49}}],"line":7},"1":{"loc":{"start":{"line":12,"column":0},"end":{"line":16,"column":1}},"type":"if","locations":[{"start":{"line":12,"column":0},"end":{"line":16,"column":1}},{"start":{"line":12,"column":0},"end":{"line":16,"column":1}}],"line":12},"2":{"loc":{"start":{"line":21,"column":11},"end":{"line":21,"column":89}},"type":"binary-expr","locations":[{"start":{"line":21,"column":12},"end":{"line":21,"column":35}},{"start":{"line":21,"column":41},"end":{"line":21,"column":58}},{"start":{"line":21,"column":64},"end":{"line":21,"column":88}}],"line":21},"3":{"loc":{"start":{"line":29,"column":2},"end":{"line":31,"column":3}},"type":"if","locations":[{"start":{"line":29,"column":2},"end":{"line":31,"column":3}},{"start":{"line":29,"column":2},"end":{"line":31,"column":3}}],"line":29}},"s":{"0":2,"1":2,"2":2,"3":2,"4":2,"5":2,"6":2,"7":2,"8":0,"9":2,"10":2,"11":6,"12":4,"13":4,"14":2,"15":4,"16":4,"17":2,"18":2,"19":2},"f":{"0":6,"1":4,"2":4},"b":{"0":[2,0],"1":[0,2],"2":[6,6,4],"3":[4,0]},"_coverageSchema":"1a1c01bbd47fc00a2c39e90264f33305004495a9","hash":"2646816955c7cf65593b947dc8952b7e154b9b25"}
,"F:\\hactiv8\\pase3week4\\final1\\server\\models\\room.js": {"path":"F:\\hactiv8\\pase3week4\\final1\\server\\models\\room.js","statementMap":{"0":{"start":{"line":4,"column":4},"end":{"line":4,"column":24}},"1":{"start":{"line":5,"column":0},"end":{"line":25,"column":2}},"2":{"start":{"line":16,"column":2},"end":{"line":23,"column":5}},"3":{"start":{"line":24,"column":2},"end":{"line":24,"column":14}}},"fnMap":{"0":{"name":"(anonymous_0)","decl":{"start":{"line":5,"column":17},"end":{"line":5,"column":18}},"loc":{"start":{"line":5,"column":43},"end":{"line":25,"column":1}},"line":5},"1":{"name":"(anonymous_1)","decl":{"start":{"line":12,"column":4},"end":{"line":12,"column":5}},"loc":{"start":{"line":12,"column":29},"end":{"line":14,"column":5}},"line":12}},"branchMap":{},"s":{"0":2,"1":2,"2":2,"3":2},"f":{"0":2,"1":2},"b":{},"_coverageSchema":"1a1c01bbd47fc00a2c39e90264f33305004495a9","hash":"6410d588c13aef89451fc800c1d24c7a7fd84806"}
,"F:\\hactiv8\\pase3week4\\final1\\server\\models\\user.js": {"path":"F:\\hactiv8\\pase3week4\\final1\\server\\models\\user.js","statementMap":{"0":{"start":{"line":4,"column":4},"end":{"line":4,"column":24}},"1":{"start":{"line":5,"column":23},"end":{"line":5,"column":51}},"2":{"start":{"line":6,"column":0},"end":{"line":64,"column":2}},"3":{"start":{"line":17,"column":2},"end":{"line":62,"column":5}},"4":{"start":{"line":57,"column":8},"end":{"line":57,"column":60}},"5":{"start":{"line":63,"column":2},"end":{"line":63,"column":14}}},"fnMap":{"0":{"name":"(anonymous_0)","decl":{"start":{"line":6,"column":17},"end":{"line":6,"column":18}},"loc":{"start":{"line":6,"column":43},"end":{"line":64,"column":1}},"line":6},"1":{"name":"(anonymous_1)","decl":{"start":{"line":13,"column":4},"end":{"line":13,"column":5}},"loc":{"start":{"line":13,"column":29},"end":{"line":15,"column":5}},"line":13},"2":{"name":"(anonymous_2)","decl":{"start":{"line":56,"column":20},"end":{"line":56,"column":21}},"loc":{"start":{"line":56,"column":43},"end":{"line":58,"column":7}},"line":56}},"branchMap":{},"s":{"0":2,"1":2,"2":2,"3":2,"4":2,"5":2},"f":{"0":2,"1":2,"2":2},"b":{},"_coverageSchema":"1a1c01bbd47fc00a2c39e90264f33305004495a9","hash":"312c4f9da0ef47bf11f73987683d82d9c2c29470"}
,"F:\\hactiv8\\pase3week4\\final1\\server\\routes\\userRoute.js": {"path":"F:\\hactiv8\\pase3week4\\final1\\server\\routes\\userRoute.js","statementMap":{"0":{"start":{"line":1,"column":16},"end":{"line":1,"column":34}},"1":{"start":{"line":2,"column":15},"end":{"line":2,"column":31}},"2":{"start":{"line":3,"column":23},"end":{"line":3,"column":53}},"3":{"start":{"line":4,"column":25},"end":{"line":4,"column":65}},"4":{"start":{"line":6,"column":0},"end":{"line":6,"column":42}},"5":{"start":{"line":7,"column":0},"end":{"line":7,"column":48}},"6":{"start":{"line":8,"column":0},"end":{"line":8,"column":24}},"7":{"start":{"line":9,"column":0},"end":{"line":9,"column":38}},"8":{"start":{"line":10,"column":0},"end":{"line":10,"column":45}},"9":{"start":{"line":11,"column":0},"end":{"line":11,"column":42}},"10":{"start":{"line":13,"column":0},"end":{"line":13,"column":23}}},"fnMap":{},"branchMap":{},"s":{"0":2,"1":2,"2":2,"3":2,"4":2,"5":2,"6":2,"7":2,"8":2,"9":2,"10":2},"f":{},"b":{},"_coverageSchema":"1a1c01bbd47fc00a2c39e90264f33305004495a9","hash":"c58a91557cb8eeff1e2fd63eb633e255fec6d073"}
}
