TN:
SF:app.js
FNF:0
FNH:0
DA:1,2
DA:2,0
DA:4,2
DA:5,2
DA:6,2
DA:7,2
DA:8,2
DA:10,2
DA:11,2
DA:12,2
DA:13,2
DA:14,2
DA:16,2
LF:13
LH:12
BRDA:1,0,0,0
BRDA:1,0,1,2
BRF:2
BRH:1
end_of_record
TN:
SF:config\config.js
FNF:0
FNH:0
DA:1,2
DA:2,2
DA:4,2
DA:6,2
DA:7,2
DA:8,2
DA:9,2
DA:10,2
DA:12,2
LF:9
LH:9
BRDA:1,0,0,2
BRDA:1,0,1,0
BRDA:4,1,0,2
BRDA:4,1,1,0
BRDA:4,2,0,2
BRDA:4,2,1,2
BRF:6
BRH:4
end_of_record
TN:
SF:controllers\userController.js
FN:7,(anonymous_0)
FN:37,(anonymous_1)
FN:54,(anonymous_2)
FN:63,(anonymous_3)
FN:78,(anonymous_4)
FNF:5
FNH:5
FNDA:4,(anonymous_0)
FNDA:6,(anonymous_1)
FNDA:1,(anonymous_2)
FNDA:2,(anonymous_3)
FNDA:2,(anonymous_4)
DA:1,2
DA:2,2
DA:3,2
DA:4,2
DA:8,4
DA:9,4
DA:10,1
DA:12,3
DA:13,3
DA:14,3
DA:15,1
DA:17,2
DA:18,2
DA:19,1
DA:23,1
DA:24,1
DA:27,1
DA:32,0
DA:33,0
DA:39,6
DA:41,6
DA:42,2
DA:44,4
DA:45,4
DA:46,1
DA:47,1
DA:49,3
DA:50,3
DA:55,1
DA:56,1
DA:57,1
DA:59,0
DA:64,2
DA:65,2
DA:66,2
DA:67,2
DA:68,2
DA:69,1
DA:71,1
DA:74,0
DA:79,2
DA:80,2
DA:82,2
DA:95,2
DA:96,2
DA:97,2
DA:98,1
DA:100,1
DA:101,1
DA:102,1
DA:104,0
DA:108,0
DA:114,2
LF:53
LH:47
BRDA:9,0,0,1
BRDA:9,0,1,3
BRDA:9,1,0,4
BRDA:9,1,1,3
BRDA:14,2,0,1
BRDA:14,2,1,2
BRDA:18,3,0,1
BRDA:18,3,1,1
BRDA:41,4,0,2
BRDA:41,4,1,4
BRDA:68,5,0,1
BRDA:68,5,1,1
BRDA:97,6,0,1
BRDA:97,6,1,1
BRF:14
BRH:14
end_of_record
TN:
SF:helpers\bcrypt.js
FN:2,hashPassword
FN:8,comparePassword
FNF:2
FNH:2
FNDA:5,hashPassword
FNDA:2,comparePassword
DA:1,2
DA:3,5
DA:4,5
DA:5,5
DA:9,2
DA:11,2
LF:6
LH:6
BRF:0
BRH:0
end_of_record
TN:
SF:helpers\jwt.js
FN:3,generateToken
FN:8,cekToken
FNF:2
FNH:2
FNDA:4,generateToken
FNDA:8,cekToken
DA:1,2
DA:2,2
DA:4,4
DA:5,4
DA:9,8
DA:12,2
LF:6
LH:6
BRF:0
BRH:0
end_of_record
TN:
SF:middlewares\auth.js
FN:4,authenticate
FNF:1
FNH:1
FNDA:11,authenticate
DA:1,2
DA:2,2
DA:6,11
DA:7,11
DA:9,11
DA:10,3
DA:14,8
DA:16,5
DA:17,5
DA:22,5
DA:23,5
DA:25,0
DA:31,3
DA:32,3
DA:47,2
LF:15
LH:14
BRDA:9,0,0,3
BRDA:9,0,1,8
BRDA:22,1,0,5
BRDA:22,1,1,0
BRF:4
BRH:3
end_of_record
TN:
SF:middlewares\errorHandler.js
FN:1,errorHandler
FN:7,(anonymous_1)
FNF:2
FNH:2
FNDA:16,errorHandler
FNDA:2,(anonymous_1)
DA:2,16
DA:3,16
DA:4,16
DA:5,2
DA:6,2
DA:7,2
DA:8,2
DA:10,14
DA:11,1
DA:12,1
DA:13,13
DA:14,4
DA:15,4
DA:16,9
DA:17,0
DA:18,0
DA:19,9
DA:20,3
DA:21,3
DA:22,6
DA:23,3
DA:24,3
DA:25,3
DA:26,1
DA:27,1
DA:28,2
DA:29,2
DA:30,2
DA:32,16
DA:37,2
LF:30
LH:28
BRDA:4,0,0,2
BRDA:4,0,1,14
BRDA:10,1,0,1
BRDA:10,1,1,13
BRDA:13,2,0,4
BRDA:13,2,1,9
BRDA:16,3,0,0
BRDA:16,3,1,9
BRDA:19,4,0,3
BRDA:19,4,1,6
BRDA:22,5,0,3
BRDA:22,5,1,3
BRDA:25,6,0,1
BRDA:25,6,1,2
BRDA:28,7,0,2
BRDA:28,7,1,0
BRF:16
BRH:14
end_of_record
TN:
SF:models\index.js
FN:20,(anonymous_0)
FN:23,(anonymous_1)
FN:28,(anonymous_2)
FNF:3
FNH:3
FNDA:6,(anonymous_0)
FNDA:4,(anonymous_1)
FNDA:4,(anonymous_2)
DA:3,2
DA:4,2
DA:5,2
DA:6,2
DA:7,2
DA:8,2
DA:9,2
DA:12,2
DA:13,0
DA:15,2
DA:18,2
DA:21,6
DA:24,4
DA:25,4
DA:28,2
DA:29,4
DA:30,4
DA:34,2
DA:35,2
DA:37,2
LF:20
LH:19
BRDA:7,0,0,2
BRDA:7,0,1,0
BRDA:12,1,0,0
BRDA:12,1,1,2
BRDA:21,2,0,6
BRDA:21,2,1,6
BRDA:21,2,2,4
BRDA:29,3,0,4
BRDA:29,3,1,0
BRF:9
BRH:6
end_of_record
TN:
SF:models\room.js
FN:5,(anonymous_0)
FN:12,(anonymous_1)
FNF:2
FNH:2
FNDA:2,(anonymous_0)
FNDA:2,(anonymous_1)
DA:4,2
DA:5,2
DA:16,2
DA:24,2
LF:4
LH:4
BRF:0
BRH:0
end_of_record
TN:
SF:models\user.js
FN:6,(anonymous_0)
FN:13,(anonymous_1)
FN:56,(anonymous_2)
FNF:3
FNH:3
FNDA:2,(anonymous_0)
FNDA:2,(anonymous_1)
FNDA:2,(anonymous_2)
DA:4,2
DA:5,2
DA:6,2
DA:17,2
DA:57,2
DA:63,2
LF:6
LH:6
BRF:0
BRH:0
end_of_record
TN:
SF:routes\userRoute.js
FNF:0
FNH:0
DA:1,2
DA:2,2
DA:3,2
DA:4,2
DA:6,2
DA:7,2
DA:8,2
DA:9,2
DA:10,2
DA:11,2
DA:13,2
LF:11
LH:11
BRF:0
BRH:0
end_of_record
